2021-05-04 11:05:15.742  INFO 23236 --- [restartedMain] c.e.SpringBootBookshopApplication        : Starting SpringBootBookshopApplication using Java 11.0.10 on LAPTOP-JARED with PID 23236 (C:\gradletest\spring-boot-bookshop\bin\main started by Jared in C:\gradletest\spring-boot-bookshop)
2021-05-04 11:05:15.755  INFO 23236 --- [restartedMain] c.e.SpringBootBookshopApplication        : No active profile set, falling back to default profiles: default
2021-05-04 11:05:15.821  INFO 23236 --- [restartedMain] .e.DevToolsPropertyDefaultsPostProcessor : Devtools property defaults active! Set 'spring.devtools.add-properties' to 'false' to disable
2021-05-04 11:05:15.821  INFO 23236 --- [restartedMain] .e.DevToolsPropertyDefaultsPostProcessor : For additional web related logging consider setting the 'logging.level.web' property to 'DEBUG'
2021-05-04 11:05:16.409  INFO 23236 --- [restartedMain] .s.d.r.c.RepositoryConfigurationDelegate : Bootstrapping Spring Data JPA repositories in DEFAULT mode.
2021-05-04 11:05:16.457  INFO 23236 --- [restartedMain] .s.d.r.c.RepositoryConfigurationDelegate : Finished Spring Data repository scanning in 39 ms. Found 1 JPA repository interfaces.
2021-05-04 11:05:17.225  INFO 23236 --- [restartedMain] o.s.b.w.e.t.TomcatWebServer              : Tomcat initialized with port(s): 8043 (http)
2021-05-04 11:05:17.234  INFO 23236 --- [restartedMain] o.a.c.c.StandardService                  : Starting service [Tomcat]
2021-05-04 11:05:17.235  INFO 23236 --- [restartedMain] o.a.c.c.StandardEngine                   : Starting Servlet engine: [Apache Tomcat/9.0.43]
2021-05-04 11:05:17.335  INFO 23236 --- [restartedMain] o.a.c.c.C.[.[.[/]                        : Initializing Spring embedded WebApplicationContext
2021-05-04 11:05:17.336  INFO 23236 --- [restartedMain] w.s.c.ServletWebServerApplicationContext : Root WebApplicationContext: initialization completed in 1503 ms
2021-05-04 11:05:17.508  INFO 23236 --- [restartedMain] o.h.j.i.u.LogHelper                      : HHH000204: Processing PersistenceUnitInfo [name: default]
2021-05-04 11:05:17.555  INFO 23236 --- [restartedMain] o.h.Version                              : HHH000412: Hibernate ORM core version 5.4.28.Final
2021-05-04 11:05:17.682  INFO 23236 --- [restartedMain] o.h.a.c.Version                          : HCANN000001: Hibernate Commons Annotations {5.1.2.Final}
2021-05-04 11:05:17.789  INFO 23236 --- [restartedMain] c.z.h.HikariDataSource                   : HikariPool-1 - Starting...
2021-05-04 11:05:17.953  INFO 23236 --- [restartedMain] c.z.h.HikariDataSource                   : HikariPool-1 - Start completed.
2021-05-04 11:05:17.972  INFO 23236 --- [restartedMain] o.h.d.Dialect                            : HHH000400: Using dialect: org.hibernate.dialect.PostgreSQLDialect
2021-05-04 11:05:18.703  INFO 23236 --- [restartedMain] o.h.e.t.j.p.i.JtaPlatformInitiator       : HHH000490: Using JtaPlatform implementation: [org.hibernate.engine.transaction.jta.platform.internal.NoJtaPlatform]
2021-05-04 11:05:18.711  INFO 23236 --- [restartedMain] j.LocalContainerEntityManagerFactoryBean : Initialized JPA EntityManagerFactory for persistence unit 'default'
2021-05-04 11:05:18.742  INFO 23236 --- [restartedMain] o.s.b.d.a.OptionalLiveReloadServer       : LiveReload server is running on port 35729
2021-05-04 11:05:19.036  WARN 23236 --- [restartedMain] JpaBaseConfiguration$JpaWebConfiguration : spring.jpa.open-in-view is enabled by default. Therefore, database queries may be performed during view rendering. Explicitly configure spring.jpa.open-in-view to disable this warning
2021-05-04 11:05:19.122  INFO 23236 --- [restartedMain] o.s.s.c.ThreadPoolTaskExecutor           : Initializing ExecutorService 'applicationTaskExecutor'
2021-05-04 11:05:19.342  INFO 23236 --- [restartedMain] o.s.b.w.e.t.TomcatWebServer              : Tomcat started on port(s): 8043 (http) with context path ''
2021-05-04 11:05:19.354  INFO 23236 --- [restartedMain] c.e.SpringBootBookshopApplication        : Started SpringBootBookshopApplication in 4.034 seconds (JVM running for 5.234)
2021-05-04 11:05:23.509  INFO 23236 --- [http-nio-8043-exec-3] o.a.c.c.C.[.[.[/]                        : Initializing Spring DispatcherServlet 'dispatcherServlet'
2021-05-04 11:05:23.509  INFO 23236 --- [http-nio-8043-exec-3] o.s.w.s.DispatcherServlet                : Initializing Servlet 'dispatcherServlet'
2021-05-04 11:05:23.510  INFO 23236 --- [http-nio-8043-exec-3] o.s.w.s.DispatcherServlet                : Completed initialization in 0 ms
2021-05-04 11:05:23.531  INFO 23236 --- [http-nio-8043-exec-3]                                          : 统计异常池数量异常,异常信息如下:e.getStackTrace().toString()
2021-05-04 11:05:39.785  INFO 23236 --- [RMI TCP Connection(7)-127.0.0.1] inMXBeanRegistrar$SpringApplicationAdmin : Application shutdown requested.
2021-05-04 11:05:39.945  INFO 23236 --- [RMI TCP Connection(7)-127.0.0.1] o.s.s.c.ThreadPoolTaskExecutor           : Shutting down ExecutorService 'applicationTaskExecutor'
2021-05-04 11:05:39.946  INFO 23236 --- [RMI TCP Connection(7)-127.0.0.1] j.LocalContainerEntityManagerFactoryBean : Closing JPA EntityManagerFactory for persistence unit 'default'
2021-05-04 11:05:39.950  INFO 23236 --- [RMI TCP Connection(7)-127.0.0.1] c.z.h.HikariDataSource                   : HikariPool-1 - Shutdown initiated...
2021-05-04 11:05:39.955  INFO 23236 --- [RMI TCP Connection(7)-127.0.0.1] c.z.h.HikariDataSource                   : HikariPool-1 - Shutdown completed.
2021-05-04 11:05:47.039  INFO 7516 --- [restartedMain] c.e.SpringBootBookshopApplication        : Starting SpringBootBookshopApplication using Java 11.0.10 on LAPTOP-JARED with PID 7516 (C:\gradletest\spring-boot-bookshop\bin\main started by Jared in C:\gradletest\spring-boot-bookshop)
2021-05-04 11:05:47.053  INFO 7516 --- [restartedMain] c.e.SpringBootBookshopApplication        : No active profile set, falling back to default profiles: default
2021-05-04 11:05:47.126  INFO 7516 --- [restartedMain] .e.DevToolsPropertyDefaultsPostProcessor : Devtools property defaults active! Set 'spring.devtools.add-properties' to 'false' to disable
2021-05-04 11:05:47.127  INFO 7516 --- [restartedMain] .e.DevToolsPropertyDefaultsPostProcessor : For additional web related logging consider setting the 'logging.level.web' property to 'DEBUG'
2021-05-04 11:05:47.718  INFO 7516 --- [restartedMain] .s.d.r.c.RepositoryConfigurationDelegate : Bootstrapping Spring Data JPA repositories in DEFAULT mode.
2021-05-04 11:05:47.771  INFO 7516 --- [restartedMain] .s.d.r.c.RepositoryConfigurationDelegate : Finished Spring Data repository scanning in 42 ms. Found 1 JPA repository interfaces.
2021-05-04 11:05:48.535  INFO 7516 --- [restartedMain] o.s.b.w.e.t.TomcatWebServer              : Tomcat initialized with port(s): 8043 (http)
2021-05-04 11:05:48.544  INFO 7516 --- [restartedMain] o.a.c.c.StandardService                  : Starting service [Tomcat]
2021-05-04 11:05:48.544  INFO 7516 --- [restartedMain] o.a.c.c.StandardEngine                   : Starting Servlet engine: [Apache Tomcat/9.0.43]
2021-05-04 11:05:48.647  INFO 7516 --- [restartedMain] o.a.c.c.C.[.[.[/]                        : Initializing Spring embedded WebApplicationContext
2021-05-04 11:05:48.647  INFO 7516 --- [restartedMain] w.s.c.ServletWebServerApplicationContext : Root WebApplicationContext: initialization completed in 1519 ms
2021-05-04 11:05:48.809  INFO 7516 --- [restartedMain] o.h.j.i.u.LogHelper                      : HHH000204: Processing PersistenceUnitInfo [name: default]
2021-05-04 11:05:48.860  INFO 7516 --- [restartedMain] o.h.Version                              : HHH000412: Hibernate ORM core version 5.4.28.Final
2021-05-04 11:05:49.000  INFO 7516 --- [restartedMain] o.h.a.c.Version                          : HCANN000001: Hibernate Commons Annotations {5.1.2.Final}
2021-05-04 11:05:49.101  INFO 7516 --- [restartedMain] c.z.h.HikariDataSource                   : HikariPool-1 - Starting...
2021-05-04 11:05:49.274  INFO 7516 --- [restartedMain] c.z.h.HikariDataSource                   : HikariPool-1 - Start completed.
2021-05-04 11:05:49.294  INFO 7516 --- [restartedMain] o.h.d.Dialect                            : HHH000400: Using dialect: org.hibernate.dialect.PostgreSQLDialect
2021-05-04 11:05:50.011  INFO 7516 --- [restartedMain] o.h.e.t.j.p.i.JtaPlatformInitiator       : HHH000490: Using JtaPlatform implementation: [org.hibernate.engine.transaction.jta.platform.internal.NoJtaPlatform]
2021-05-04 11:05:50.020  INFO 7516 --- [restartedMain] j.LocalContainerEntityManagerFactoryBean : Initialized JPA EntityManagerFactory for persistence unit 'default'
2021-05-04 11:05:50.051  INFO 7516 --- [restartedMain] o.s.b.d.a.OptionalLiveReloadServer       : LiveReload server is running on port 35729
2021-05-04 11:05:50.333  WARN 7516 --- [restartedMain] JpaBaseConfiguration$JpaWebConfiguration : spring.jpa.open-in-view is enabled by default. Therefore, database queries may be performed during view rendering. Explicitly configure spring.jpa.open-in-view to disable this warning
2021-05-04 11:05:50.413  INFO 7516 --- [restartedMain] o.s.s.c.ThreadPoolTaskExecutor           : Initializing ExecutorService 'applicationTaskExecutor'
2021-05-04 11:05:50.636  INFO 7516 --- [restartedMain] o.s.b.w.e.t.TomcatWebServer              : Tomcat started on port(s): 8043 (http) with context path ''
2021-05-04 11:05:50.649  INFO 7516 --- [restartedMain] c.e.SpringBootBookshopApplication        : Started SpringBootBookshopApplication in 4.016 seconds (JVM running for 5.231)
2021-05-04 11:05:55.321  INFO 7516 --- [http-nio-8043-exec-4] o.a.c.c.C.[.[.[/]                        : Initializing Spring DispatcherServlet 'dispatcherServlet'
2021-05-04 11:05:55.322  INFO 7516 --- [http-nio-8043-exec-4] o.s.w.s.DispatcherServlet                : Initializing Servlet 'dispatcherServlet'
2021-05-04 11:05:55.323  INFO 7516 --- [http-nio-8043-exec-4] o.s.w.s.DispatcherServlet                : Completed initialization in 1 ms
2021-05-04 11:05:55.345  INFO 7516 --- [http-nio-8043-exec-4]                                          : 统计异常池数量异常,异常信息如下:e.getStackTrace().toString()
2021-05-04 11:12:09.012  INFO 7516 --- [RMI TCP Connection(16)-127.0.0.1] inMXBeanRegistrar$SpringApplicationAdmin : Application shutdown requested.
2021-05-04 11:12:09.169  INFO 7516 --- [RMI TCP Connection(16)-127.0.0.1] o.s.s.c.ThreadPoolTaskExecutor           : Shutting down ExecutorService 'applicationTaskExecutor'
2021-05-04 11:12:09.171  INFO 7516 --- [RMI TCP Connection(16)-127.0.0.1] j.LocalContainerEntityManagerFactoryBean : Closing JPA EntityManagerFactory for persistence unit 'default'
2021-05-04 11:12:09.175  INFO 7516 --- [RMI TCP Connection(16)-127.0.0.1] c.z.h.HikariDataSource                   : HikariPool-1 - Shutdown initiated...
2021-05-04 11:12:09.178  INFO 7516 --- [RMI TCP Connection(16)-127.0.0.1] c.z.h.HikariDataSource                   : HikariPool-1 - Shutdown completed.
