2021-05-06 11:11:11.119 INFO  [restartedMain] c.e.SpringBootBookshopApplication.logStarting(55): Starting SpringBootBookshopApplication using Java 11.0.10 on LAPTOP-JARED with PID 9244 (C:\gradletest\spring-boot-bookshop\bin\main started by Jared in C:\gradletest\spring-boot-bookshop)
2021-05-06 11:11:11.165 INFO  [restartedMain] c.e.SpringBootBookshopApplication.logStartupProfileInfo(660): No active profile set, falling back to default profiles: default
2021-05-06 11:11:14.933 INFO  [restartedMain] o.a.c.h.Http11NioProtocol.log(173): Initializing ProtocolHandler ["http-nio-8043"]
2021-05-06 11:11:14.936 INFO  [restartedMain] o.a.c.c.StandardService.log(173): Starting service [Tomcat]
2021-05-06 11:11:14.937 INFO  [restartedMain] o.a.c.c.StandardEngine.log(173): Starting Servlet engine: [Apache Tomcat/9.0.43]
2021-05-06 11:11:15.217 INFO  [restartedMain] o.a.c.c.C.[.[.[/].log(173): Initializing Spring embedded WebApplicationContext
2021-05-06 11:11:15.630 INFO  [restartedMain] o.h.j.i.u.LogHelper.logPersistenceUnitInformation(31): HHH000204: Processing PersistenceUnitInfo [name: default]
2021-05-06 11:11:15.866 INFO  [restartedMain] o.h.Version.logVersion(44): HHH000412: Hibernate ORM core version 5.4.28.Final
2021-05-06 11:11:16.545 INFO  [restartedMain] o.h.a.c.Version.<clinit>(56): HCANN000001: Hibernate Commons Annotations {5.1.2.Final}
2021-05-06 11:11:17.018 INFO  [restartedMain] c.z.h.HikariDataSource.getConnection(110): HikariPool-1 - Starting...
2021-05-06 11:11:17.552 INFO  [restartedMain] c.z.h.HikariDataSource.getConnection(123): HikariPool-1 - Start completed.
2021-05-06 11:11:17.615 INFO  [restartedMain] o.h.d.Dialect.<init>(175): HHH000400: Using dialect: org.hibernate.dialect.PostgreSQLDialect
2021-05-06 11:11:19.674 INFO  [restartedMain] o.h.e.t.j.p.i.JtaPlatformInitiator.initiateService(52): HHH000490: Using JtaPlatform implementation: [org.hibernate.engine.transaction.jta.platform.internal.NoJtaPlatform]
2021-05-06 11:11:21.979 INFO  [restartedMain] o.a.c.h.Http11NioProtocol.log(173): Starting ProtocolHandler ["http-nio-8043"]
2021-05-06 11:11:22.038 INFO  [restartedMain] c.e.SpringBootBookshopApplication.logStarted(61): Started SpringBootBookshopApplication in 12.499 seconds (JVM running for 15.51)
2021-05-06 11:11:54.821 INFO  [http-nio-8043-exec-1] o.a.c.c.C.[.[.[/].log(173): Initializing Spring DispatcherServlet 'dispatcherServlet'
2021-05-06 11:11:54.920 INFO  [http-nio-8043-exec-1] c.e.c.Bookshopcontroller.helloString(128): info level
2021-05-06 11:11:54.922 WARN  [http-nio-8043-exec-1] c.e.c.Bookshopcontroller.helloString(129): warn level
2021-05-06 11:11:54.924 ERROR [http-nio-8043-exec-1] c.e.c.Bookshopcontroller.helloString(130): error level
2021-05-06 11:11:54.929 INFO  [http-nio-8043-exec-1] c.e.c.Bookshopcontroller.helloString(131): 统计异常池数量异常,异常信息如下:e.getStackTrace().toString()
2021-05-06 11:13:02.379 INFO  [Thread-8] c.z.h.HikariDataSource.close(350): HikariPool-1 - Shutdown initiated...
2021-05-06 11:13:02.388 INFO  [Thread-8] c.z.h.HikariDataSource.close(352): HikariPool-1 - Shutdown completed.
2021-05-06 11:13:03.727 INFO  [restartedMain] c.e.SpringBootBookshopApplication.logStarting(55): Starting SpringBootBookshopApplication using Java 11.0.10 on LAPTOP-JARED with PID 9244 (C:\gradletest\spring-boot-bookshop\bin\main started by Jared in C:\gradletest\spring-boot-bookshop)
2021-05-06 11:13:03.734 INFO  [restartedMain] c.e.SpringBootBookshopApplication.logStartupProfileInfo(660): No active profile set, falling back to default profiles: default
2021-05-06 11:13:05.683 INFO  [restartedMain] o.a.c.h.Http11NioProtocol.log(173): Initializing ProtocolHandler ["http-nio-8043"]
2021-05-06 11:13:05.686 INFO  [restartedMain] o.a.c.c.StandardService.log(173): Starting service [Tomcat]
2021-05-06 11:13:05.688 INFO  [restartedMain] o.a.c.c.StandardEngine.log(173): Starting Servlet engine: [Apache Tomcat/9.0.43]
2021-05-06 11:13:05.772 INFO  [restartedMain] o.a.c.c.C.[.[.[/].log(173): Initializing Spring embedded WebApplicationContext
2021-05-06 11:13:05.896 INFO  [restartedMain] o.h.j.i.u.LogHelper.logPersistenceUnitInformation(31): HHH000204: Processing PersistenceUnitInfo [name: default]
2021-05-06 11:13:05.918 INFO  [restartedMain] c.z.h.HikariDataSource.getConnection(110): HikariPool-2 - Starting...
2021-05-06 11:13:06.079 INFO  [restartedMain] c.z.h.HikariDataSource.getConnection(123): HikariPool-2 - Start completed.
2021-05-06 11:13:06.081 INFO  [restartedMain] o.h.d.Dialect.<init>(175): HHH000400: Using dialect: org.hibernate.dialect.PostgreSQLDialect
2021-05-06 11:13:06.594 INFO  [restartedMain] o.h.e.t.j.p.i.JtaPlatformInitiator.initiateService(52): HHH000490: Using JtaPlatform implementation: [org.hibernate.engine.transaction.jta.platform.internal.NoJtaPlatform]
2021-05-06 11:13:07.313 INFO  [restartedMain] o.a.c.h.Http11NioProtocol.log(173): Starting ProtocolHandler ["http-nio-8043"]
2021-05-06 11:13:07.351 INFO  [restartedMain] c.e.SpringBootBookshopApplication.logStarted(61): Started SpringBootBookshopApplication in 4.262 seconds (JVM running for 120.822)
2021-05-06 11:13:53.663 INFO  [http-nio-8043-exec-2] o.a.c.c.C.[.[.[/].log(173): Initializing Spring DispatcherServlet 'dispatcherServlet'
2021-05-06 11:13:53.670 INFO  [http-nio-8043-exec-2] c.e.c.Bookshopcontroller.helloString(128): info level
2021-05-06 11:13:53.671 WARN  [http-nio-8043-exec-2] c.e.c.Bookshopcontroller.helloString(129): warn level
2021-05-06 11:13:53.672 ERROR [http-nio-8043-exec-2] c.e.c.Bookshopcontroller.helloString(130): error level
2021-05-06 11:13:53.673 INFO  [http-nio-8043-exec-2] c.e.c.Bookshopcontroller.helloString(131): 统计异常池数量异常,异常信息如下:e.getStackTrace().toString()
2021-05-06 11:15:31.523 INFO  [RMI TCP Connection(16)-127.0.0.1] c.z.h.HikariDataSource.close(350): HikariPool-2 - Shutdown initiated...
2021-05-06 11:15:31.530 INFO  [RMI TCP Connection(16)-127.0.0.1] c.z.h.HikariDataSource.close(352): HikariPool-2 - Shutdown completed.
